0 info it worked if it ends with ok
1 verbose cli [ '/usr/bin/node', '/usr/bin/npm', 'run', 'server' ]
2 info using npm@3.5.2
3 info using node@v8.10.0
4 verbose run-script [ 'preserver', 'server', 'postserver' ]
5 info lifecycle application-name@0.0.1~preserver: application-name@0.0.1
6 silly lifecycle application-name@0.0.1~preserver: no script for preserver, continuing
7 info lifecycle application-name@0.0.1~server: application-name@0.0.1
8 verbose lifecycle application-name@0.0.1~server: unsafe-perm in lifecycle true
9 verbose lifecycle application-name@0.0.1~server: PATH: /usr/share/npm/bin/node-gyp-bin:/home/lenovo/Desktop/konfinity/tvastra/node_modules/.bin:/home/lenovo/.local/bin:/usr/local/sbin:/usr/local/bin:/usr/sbin:/usr/bin:/sbin:/bin:/usr/games:/usr/local/games:/snap/bin
10 verbose lifecycle application-name@0.0.1~server: CWD: /home/lenovo/Desktop/konfinity/tvastra
11 silly lifecycle application-name@0.0.1~server: Args: [ '-c', 'babel-watch ./src/bin/www' ]
12 info lifecycle application-name@0.0.1~server: Failed to exec server script
13 verbose stack Error: application-name@0.0.1 server: `babel-watch ./src/bin/www`
13 verbose stack spawn ENOENT
13 verbose stack     at ChildProcess.<anonymous> (/usr/share/npm/lib/utils/spawn.js:17:16)
13 verbose stack     at emitTwo (events.js:126:13)
13 verbose stack     at ChildProcess.emit (events.js:214:7)
13 verbose stack     at maybeClose (internal/child_process.js:925:16)
13 verbose stack     at Process.ChildProcess._handle.onexit (internal/child_process.js:209:5)
14 verbose pkgid application-name@0.0.1
15 verbose cwd /home/lenovo/Desktop/konfinity/tvastra
16 error Linux 4.15.0-62-generic
17 error argv "/usr/bin/node" "/usr/bin/npm" "run" "server"
18 error node v8.10.0
19 error npm  v3.5.2
20 error file sh
21 error code ELIFECYCLE
22 error errno ENOENT
23 error syscall spawn
24 error application-name@0.0.1 server: `babel-watch ./src/bin/www`
24 error spawn ENOENT
25 error Failed at the application-name@0.0.1 server script 'babel-watch ./src/bin/www'.
25 error Make sure you have the latest version of node.js and npm installed.
25 error If you do, this is most likely a problem with the application-name package,
25 error not with npm itself.
25 error Tell the author that this fails on your system:
25 error     babel-watch ./src/bin/www
25 error You can get information on how to open an issue for this project with:
25 error     npm bugs application-name
25 error Or if that isn't available, you can get their info via:
25 error     npm owner ls application-name
25 error There is likely additional logging output above.
26 verbose exit [ 1, true ]
